{"/data/data/com.termux/files/home/tiender/src/App.tsx": {"path":"/data/data/com.termux/files/home/tiender/src/App.tsx","statementMap":{"0":{"start":{"line":5,"column":18},"end":{"line":9,"column":null}},"1":{"start":{"line":6,"column":2},"end":{"line":9,"column":null}},"2":{"start":{"line":13,"column":2},"end":{"line":18,"column":null}}},"fnMap":{"0":{"name":"(anonymous_0)","decl":{"start":{"line":5,"column":18},"end":{"line":5,"column":null}},"loc":{"start":{"line":6,"column":2},"end":{"line":9,"column":null}},"line":6},"1":{"name":"App","decl":{"start":{"line":12,"column":9},"end":{"line":12,"column":15}},"loc":{"start":{"line":12,"column":15},"end":{"line":20,"column":null}},"line":12}},"branchMap":{},"s":{"0":1,"1":1,"2":3},"f":{"0":1,"1":3},"b":{},"meta":{"lastBranch":0,"lastFunction":2,"lastStatement":3,"seen":{"s:5:18:9:Infinity":0,"f:5:18:5:Infinity":0,"s:6:2:9:Infinity":1,"f:12:9:12:15":1,"s:13:2:18:Infinity":2}}}
,"/data/data/com.termux/files/home/tiender/src/features/auth/components/SignInForm.tsx": {"path":"/data/data/com.termux/files/home/tiender/src/features/auth/components/SignInForm.tsx","statementMap":{"0":{"start":{"line":3,"column":29},"end":{"line":66,"column":null}},"1":{"start":{"line":4,"column":24},"end":{"line":4,"column":null}},"2":{"start":{"line":5,"column":30},"end":{"line":5,"column":null}},"3":{"start":{"line":6,"column":28},"end":{"line":6,"column":null}},"4":{"start":{"line":7,"column":24},"end":{"line":7,"column":null}},"5":{"start":{"line":9,"column":23},"end":{"line":17,"column":null}},"6":{"start":{"line":10,"column":4},"end":{"line":10,"column":null}},"7":{"start":{"line":11,"column":4},"end":{"line":11,"column":null}},"8":{"start":{"line":12,"column":4},"end":{"line":12,"column":null}},"9":{"start":{"line":14,"column":4},"end":{"line":14,"column":null}},"10":{"start":{"line":15,"column":4},"end":{"line":15,"column":null}},"11":{"start":{"line":15,"column":33},"end":{"line":15,"column":58}},"12":{"start":{"line":16,"column":4},"end":{"line":16,"column":null}},"13":{"start":{"line":19,"column":2},"end":{"line":64,"column":null}},"14":{"start":{"line":34,"column":29},"end":{"line":34,"column":null}},"15":{"start":{"line":49,"column":29},"end":{"line":49,"column":null}}},"fnMap":{"0":{"name":"(anonymous_0)","decl":{"start":{"line":3,"column":29},"end":{"line":3,"column":35}},"loc":{"start":{"line":3,"column":35},"end":{"line":66,"column":null}},"line":3},"1":{"name":"(anonymous_1)","decl":{"start":{"line":9,"column":23},"end":{"line":9,"column":30}},"loc":{"start":{"line":9,"column":70},"end":{"line":17,"column":null}},"line":9},"2":{"name":"(anonymous_2)","decl":{"start":{"line":15,"column":22},"end":{"line":15,"column":33}},"loc":{"start":{"line":15,"column":33},"end":{"line":15,"column":58}},"line":15},"3":{"name":"(anonymous_3)","decl":{"start":{"line":34,"column":22},"end":{"line":34,"column":23}},"loc":{"start":{"line":34,"column":29},"end":{"line":34,"column":null}},"line":34},"4":{"name":"(anonymous_4)","decl":{"start":{"line":49,"column":22},"end":{"line":49,"column":23}},"loc":{"start":{"line":49,"column":29},"end":{"line":49,"column":null}},"line":49}},"branchMap":{"0":{"loc":{"start":{"line":53,"column":9},"end":{"line":53,"column":null}},"type":"binary-expr","locations":[{"start":{"line":53,"column":9},"end":{"line":53,"column":18}},{"start":{"line":53,"column":18},"end":{"line":53,"column":null}}],"line":53},"1":{"loc":{"start":{"line":60,"column":13},"end":{"line":60,"column":null}},"type":"cond-expr","locations":[{"start":{"line":60,"column":23},"end":{"line":60,"column":47}},{"start":{"line":60,"column":47},"end":{"line":60,"column":null}}],"line":60}},"s":{"0":2,"1":1,"2":1,"3":1,"4":1,"5":1,"6":0,"7":0,"8":0,"9":0,"10":0,"11":0,"12":0,"13":1,"14":0,"15":0},"f":{"0":1,"1":0,"2":0,"3":0,"4":0},"b":{"0":[1,0],"1":[0,1]},"meta":{"lastBranch":2,"lastFunction":5,"lastStatement":16,"seen":{"s:3:29:66:Infinity":0,"f:3:29:3:35":0,"s:4:24:4:Infinity":1,"s:5:30:5:Infinity":2,"s:6:28:6:Infinity":3,"s:7:24:7:Infinity":4,"s:9:23:17:Infinity":5,"f:9:23:9:30":1,"s:10:4:10:Infinity":6,"s:11:4:11:Infinity":7,"s:12:4:12:Infinity":8,"s:14:4:14:Infinity":9,"s:15:4:15:Infinity":10,"f:15:22:15:33":2,"s:15:33:15:58":11,"s:16:4:16:Infinity":12,"s:19:2:64:Infinity":13,"f:34:22:34:23":3,"s:34:29:34:Infinity":14,"f:49:22:49:23":4,"s:49:29:49:Infinity":15,"b:53:9:53:18:53:18:53:Infinity":0,"b:60:23:60:47:60:47:60:Infinity":1}}}
,"/data/data/com.termux/files/home/tiender/src/features/auth/components/SignUpForm.tsx": {"path":"/data/data/com.termux/files/home/tiender/src/features/auth/components/SignUpForm.tsx","statementMap":{"0":{"start":{"line":3,"column":36},"end":{"line":66,"column":null}},"1":{"start":{"line":4,"column":24},"end":{"line":4,"column":null}},"2":{"start":{"line":5,"column":30},"end":{"line":5,"column":null}},"3":{"start":{"line":6,"column":28},"end":{"line":6,"column":null}},"4":{"start":{"line":7,"column":24},"end":{"line":7,"column":null}},"5":{"start":{"line":9,"column":23},"end":{"line":17,"column":null}},"6":{"start":{"line":10,"column":4},"end":{"line":10,"column":null}},"7":{"start":{"line":11,"column":4},"end":{"line":11,"column":null}},"8":{"start":{"line":12,"column":4},"end":{"line":12,"column":null}},"9":{"start":{"line":14,"column":4},"end":{"line":14,"column":null}},"10":{"start":{"line":15,"column":4},"end":{"line":15,"column":null}},"11":{"start":{"line":15,"column":33},"end":{"line":15,"column":58}},"12":{"start":{"line":16,"column":4},"end":{"line":16,"column":null}},"13":{"start":{"line":19,"column":2},"end":{"line":64,"column":null}},"14":{"start":{"line":34,"column":29},"end":{"line":34,"column":null}},"15":{"start":{"line":49,"column":29},"end":{"line":49,"column":null}}},"fnMap":{"0":{"name":"(anonymous_0)","decl":{"start":{"line":3,"column":36},"end":{"line":3,"column":42}},"loc":{"start":{"line":3,"column":42},"end":{"line":66,"column":null}},"line":3},"1":{"name":"(anonymous_1)","decl":{"start":{"line":9,"column":23},"end":{"line":9,"column":30}},"loc":{"start":{"line":9,"column":70},"end":{"line":17,"column":null}},"line":9},"2":{"name":"(anonymous_2)","decl":{"start":{"line":15,"column":22},"end":{"line":15,"column":33}},"loc":{"start":{"line":15,"column":33},"end":{"line":15,"column":58}},"line":15},"3":{"name":"(anonymous_3)","decl":{"start":{"line":34,"column":22},"end":{"line":34,"column":23}},"loc":{"start":{"line":34,"column":29},"end":{"line":34,"column":null}},"line":34},"4":{"name":"(anonymous_4)","decl":{"start":{"line":49,"column":22},"end":{"line":49,"column":23}},"loc":{"start":{"line":49,"column":29},"end":{"line":49,"column":null}},"line":49}},"branchMap":{"0":{"loc":{"start":{"line":53,"column":9},"end":{"line":53,"column":null}},"type":"binary-expr","locations":[{"start":{"line":53,"column":9},"end":{"line":53,"column":18}},{"start":{"line":53,"column":18},"end":{"line":53,"column":null}}],"line":53},"1":{"loc":{"start":{"line":60,"column":13},"end":{"line":60,"column":null}},"type":"cond-expr","locations":[{"start":{"line":60,"column":23},"end":{"line":60,"column":45}},{"start":{"line":60,"column":45},"end":{"line":60,"column":null}}],"line":60}},"s":{"0":2,"1":3,"2":3,"3":3,"4":3,"5":3,"6":0,"7":0,"8":0,"9":0,"10":0,"11":0,"12":0,"13":3,"14":0,"15":0},"f":{"0":3,"1":0,"2":0,"3":0,"4":0},"b":{"0":[3,0],"1":[0,3]},"meta":{"lastBranch":2,"lastFunction":5,"lastStatement":16,"seen":{"s:3:36:66:Infinity":0,"f:3:36:3:42":0,"s:4:24:4:Infinity":1,"s:5:30:5:Infinity":2,"s:6:28:6:Infinity":3,"s:7:24:7:Infinity":4,"s:9:23:17:Infinity":5,"f:9:23:9:30":1,"s:10:4:10:Infinity":6,"s:11:4:11:Infinity":7,"s:12:4:12:Infinity":8,"s:14:4:14:Infinity":9,"s:15:4:15:Infinity":10,"f:15:22:15:33":2,"s:15:33:15:58":11,"s:16:4:16:Infinity":12,"s:19:2:64:Infinity":13,"f:34:22:34:23":3,"s:34:29:34:Infinity":14,"f:49:22:49:23":4,"s:49:29:49:Infinity":15,"b:53:9:53:18:53:18:53:Infinity":0,"b:60:23:60:45:60:45:60:Infinity":1}}}
,"/data/data/com.termux/files/home/tiender/src/features/auth/services/authService.ts": {"path":"/data/data/com.termux/files/home/tiender/src/features/auth/services/authService.ts","statementMap":{"0":{"start":{"line":5,"column":22},"end":{"line":8,"column":null}},"1":{"start":{"line":6,"column":26},"end":{"line":6,"column":null}},"2":{"start":{"line":7,"column":2},"end":{"line":7,"column":null}},"3":{"start":{"line":10,"column":22},"end":{"line":13,"column":null}},"4":{"start":{"line":11,"column":26},"end":{"line":11,"column":null}},"5":{"start":{"line":12,"column":2},"end":{"line":12,"column":null}},"6":{"start":{"line":15,"column":23},"end":{"line":18,"column":null}},"7":{"start":{"line":16,"column":20},"end":{"line":16,"column":null}},"8":{"start":{"line":17,"column":2},"end":{"line":17,"column":null}}},"fnMap":{"0":{"name":"(anonymous_0)","decl":{"start":{"line":5,"column":22},"end":{"line":5,"column":29}},"loc":{"start":{"line":5,"column":76},"end":{"line":8,"column":null}},"line":5},"1":{"name":"(anonymous_1)","decl":{"start":{"line":10,"column":22},"end":{"line":10,"column":29}},"loc":{"start":{"line":10,"column":76},"end":{"line":13,"column":null}},"line":10},"2":{"name":"(anonymous_2)","decl":{"start":{"line":15,"column":23},"end":{"line":15,"column":35}},"loc":{"start":{"line":15,"column":35},"end":{"line":18,"column":null}},"line":15}},"branchMap":{},"s":{"0":1,"1":3,"2":3,"3":1,"4":3,"5":3,"6":1,"7":3,"8":3},"f":{"0":3,"1":3,"2":3},"b":{},"meta":{"lastBranch":0,"lastFunction":3,"lastStatement":9,"seen":{"s:5:22:8:Infinity":0,"f:5:22:5:29":0,"s:6:26:6:Infinity":1,"s:7:2:7:Infinity":2,"s:10:22:13:Infinity":3,"f:10:22:10:29":1,"s:11:26:11:Infinity":4,"s:12:2:12:Infinity":5,"s:15:23:18:Infinity":6,"f:15:23:15:35":2,"s:16:20:16:Infinity":7,"s:17:2:17:Infinity":8}}}
,"/data/data/com.termux/files/home/tiender/src/pages/AuthPage.tsx": {"path":"/data/data/com.termux/files/home/tiender/src/pages/AuthPage.tsx","statementMap":{"0":{"start":{"line":5,"column":17},"end":{"line":26,"column":null}},"1":{"start":{"line":6,"column":30},"end":{"line":6,"column":null}},"2":{"start":{"line":8,"column":2},"end":{"line":24,"column":null}},"3":{"start":{"line":15,"column":27},"end":{"line":15,"column":null}}},"fnMap":{"0":{"name":"(anonymous_0)","decl":{"start":{"line":5,"column":17},"end":{"line":5,"column":23}},"loc":{"start":{"line":5,"column":23},"end":{"line":26,"column":null}},"line":5},"1":{"name":"(anonymous_1)","decl":{"start":{"line":15,"column":21},"end":{"line":15,"column":27}},"loc":{"start":{"line":15,"column":27},"end":{"line":15,"column":null}},"line":15}},"branchMap":{"0":{"loc":{"start":{"line":11,"column":9},"end":{"line":11,"column":null}},"type":"cond-expr","locations":[{"start":{"line":11,"column":20},"end":{"line":11,"column":37}},{"start":{"line":11,"column":37},"end":{"line":11,"column":null}}],"line":11},"1":{"loc":{"start":{"line":20,"column":13},"end":{"line":20,"column":null}},"type":"cond-expr","locations":[{"start":{"line":20,"column":24},"end":{"line":20,"column":65}},{"start":{"line":20,"column":65},"end":{"line":20,"column":null}}],"line":20}},"s":{"0":2,"1":5,"2":5,"3":1},"f":{"0":5,"1":1},"b":{"0":[4,1],"1":[4,1]},"meta":{"lastBranch":2,"lastFunction":2,"lastStatement":4,"seen":{"s:5:17:26:Infinity":0,"f:5:17:5:23":0,"s:6:30:6:Infinity":1,"s:8:2:24:Infinity":2,"b:11:20:11:37:11:37:11:Infinity":0,"f:15:21:15:27":1,"s:15:27:15:Infinity":3,"b:20:24:20:65:20:65:20:Infinity":1}}}
}
